16/Mar/2021:09:53:15 125 [Calculator.java] [INFO] Calculator [Factorial] - -9.0 = NaN
16/Mar/2021:09:53:15 130 [Calculator.java] [INFO] Calculator [Factorial] - 0.0 = 1.0
16/Mar/2021:09:53:15 131 [Calculator.java] [INFO] Calculator [square root] - 64.0
16/Mar/2021:09:53:15 132 [Calculator.java] [INFO] Calculator [RESULT - squareroot] - 8.0-8.0
16/Mar/2021:09:53:15 132 [Calculator.java] [INFO] Calculator [square root] - 9.0
16/Mar/2021:09:53:15 133 [Calculator.java] [INFO] Calculator [RESULT - squareroot] - 3.0-3.0
16/Mar/2021:09:53:15 133 [Calculator.java] [INFO] Calculator [natural log] - 8.0
16/Mar/2021:09:53:15 134 [Calculator.java] [INFO] Calculator [RESULT - natural log] - 2.0794415416798357
16/Mar/2021:09:53:15 135 [Calculator.java] [INFO] Calculator [natural log] - 46.0
16/Mar/2021:09:53:15 136 [Calculator.java] [INFO] Calculator [RESULT - natural log] - 3.828641396489095
16/Mar/2021:09:53:15 137 [Calculator.java] [INFO] Calculator [Factorial] - 2.0 = 2.0
16/Mar/2021:09:53:15 138 [Calculator.java] [INFO] Calculator [Factorial] - 8.0 = 40320.0
16/Mar/2021:09:53:15 139 [Calculator.java] [INFO] Calculator [natural log] - 9.0
16/Mar/2021:09:53:15 140 [Calculator.java] [INFO] Calculator [RESULT - natural log] - 2.1972245773362196
16/Mar/2021:09:53:15 140 [Calculator.java] [INFO] Calculator [natural log] - 8.0
16/Mar/2021:09:53:15 141 [Calculator.java] [INFO] Calculator [RESULT - natural log] - 2.0794415416798357
16/Mar/2021:09:53:15 141 [Calculator.java] [INFO] Calculator [natural log] - Infinity
16/Mar/2021:09:53:15 142 [Calculator.java] [INFO] Calculator [RESULT - natural log] - Infinity
16/Mar/2021:09:53:15 143 [Calculator.java] [INFO] Calculator [power of] - 2.0
16/Mar/2021:09:53:15 145 [Calculator.java] [INFO] Calculator [RESULT - powerofnum] - 4.0
16/Mar/2021:09:53:15 145 [Calculator.java] [INFO] Calculator [power of] - 0.0
16/Mar/2021:09:53:15 146 [Calculator.java] [INFO] Calculator [RESULT - powerofnum] - 1.0
16/Mar/2021:09:53:15 146 [Calculator.java] [INFO] Calculator [power of] - 1.0
16/Mar/2021:09:53:15 147 [Calculator.java] [INFO] Calculator [RESULT - powerofnum] - NaN
16/Mar/2021:09:53:15 148 [Calculator.java] [INFO] Calculator [power of] - 1.0
16/Mar/2021:09:53:15 149 [Calculator.java] [INFO] Calculator [RESULT - powerofnum] - NaN
16/Mar/2021:09:53:15 151 [Calculator.java] [INFO] Calculator [square root] - 9.0
16/Mar/2021:09:53:15 152 [Calculator.java] [INFO] Calculator [RESULT - squareroot] - 3.0-3.0
16/Mar/2021:09:53:15 152 [Calculator.java] [INFO] Calculator [square root] - 16.0
16/Mar/2021:09:53:15 153 [Calculator.java] [INFO] Calculator [RESULT - squareroot] - 4.0-4.0
16/Mar/2021:09:53:15 154 [Calculator.java] [INFO] Calculator [Factorial] - 3.0 = 6.0
16/Mar/2021:09:53:15 155 [Calculator.java] [INFO] Calculator [Factorial] - 5.0 = 120.0
16/Mar/2021:12:30:33 617 [Calculator.java] [INFO] Calculator [Factorial] -> -9.0 = NaN
16/Mar/2021:12:30:33 640 [Calculator.java] [INFO] Calculator [Factorial] -> 0.0 = 1.0
16/Mar/2021:12:30:33 643 [Calculator.java] [INFO] Calculator [square root] -> 64.0
16/Mar/2021:12:30:33 643 [Calculator.java] [INFO] Calculator [RESULT - squareroot] -> 8.0   -8.0
16/Mar/2021:12:30:33 644 [Calculator.java] [INFO] Calculator [square root] -> 9.0
16/Mar/2021:12:30:33 645 [Calculator.java] [INFO] Calculator [RESULT - squareroot] -> 3.0   -3.0
16/Mar/2021:12:30:33 650 [Calculator.java] [INFO] Calculator [natural log] -> 8.0
16/Mar/2021:12:30:33 651 [Calculator.java] [INFO] Calculator [RESULT - natural log] ->2.0794415416798357
16/Mar/2021:12:30:33 651 [Calculator.java] [INFO] Calculator [natural log] -> 46.0
16/Mar/2021:12:30:33 652 [Calculator.java] [INFO] Calculator [RESULT - natural log] ->3.828641396489095
16/Mar/2021:12:30:33 657 [Calculator.java] [INFO] Calculator [Factorial] -> 2.0 = 2.0
16/Mar/2021:12:30:33 658 [Calculator.java] [INFO] Calculator [Factorial] -> 8.0 = 40320.0
16/Mar/2021:12:30:33 660 [Calculator.java] [INFO] Calculator [natural log] -> 9.0
16/Mar/2021:12:30:33 660 [Calculator.java] [INFO] Calculator [RESULT - natural log] ->2.1972245773362196
16/Mar/2021:12:30:33 661 [Calculator.java] [INFO] Calculator [natural log] -> 8.0
16/Mar/2021:12:30:33 662 [Calculator.java] [INFO] Calculator [RESULT - natural log] ->2.0794415416798357
16/Mar/2021:12:30:33 663 [Calculator.java] [INFO] Calculator [natural log] -> Infinity
16/Mar/2021:12:30:33 663 [Calculator.java] [INFO] Calculator [RESULT - natural log] ->Infinity
16/Mar/2021:12:30:33 665 [Calculator.java] [INFO] Calculator [power of] - >2.0^2.0
16/Mar/2021:12:30:33 666 [Calculator.java] [INFO] Calculator [RESULT - powerofnum] -> 4.0
16/Mar/2021:12:30:33 666 [Calculator.java] [INFO] Calculator [power of] - >0.0^0.0
16/Mar/2021:12:30:33 668 [Calculator.java] [INFO] Calculator [RESULT - powerofnum] -> 1.0
16/Mar/2021:12:30:33 668 [Calculator.java] [INFO] Calculator [power of] - >1.0^Infinity
16/Mar/2021:12:30:33 669 [Calculator.java] [INFO] Calculator [RESULT - powerofnum] -> NaN
16/Mar/2021:12:30:33 669 [Calculator.java] [INFO] Calculator [power of] - >1.0^-Infinity
16/Mar/2021:12:30:33 670 [Calculator.java] [INFO] Calculator [RESULT - powerofnum] -> NaN
16/Mar/2021:12:30:33 671 [Calculator.java] [INFO] Calculator [square root] -> 9.0
16/Mar/2021:12:30:33 672 [Calculator.java] [INFO] Calculator [RESULT - squareroot] -> 3.0   -3.0
16/Mar/2021:12:30:33 672 [Calculator.java] [INFO] Calculator [square root] -> 16.0
16/Mar/2021:12:30:33 673 [Calculator.java] [INFO] Calculator [RESULT - squareroot] -> 4.0   -4.0
16/Mar/2021:12:30:33 674 [Calculator.java] [INFO] Calculator [Factorial] -> 3.0 = 6.0
16/Mar/2021:12:30:33 675 [Calculator.java] [INFO] Calculator [Factorial] -> 5.0 = 120.0
